2025-10-17 13:01:03.302 -05:00 [INF] Windows Vault application starting...
2025-10-17 13:01:04.967 -05:00 [INF] Executed DbCommand (10ms) [Parameters=[], CommandType='"Text"', CommandTimeout='30']
SELECT COUNT(*) FROM "sqlite_master" WHERE "type" = 'table' AND "rootpage" IS NOT NULL;
2025-10-17 13:01:04.987 -05:00 [INF] Vault directory initialized: WindowsVault
2025-10-17 13:08:05.564 -05:00 [INF] Windows Vault application starting...
2025-10-17 13:08:06.525 -05:00 [INF] Executed DbCommand (19ms) [Parameters=[], CommandType='"Text"', CommandTimeout='30']
SELECT COUNT(*) FROM "sqlite_master" WHERE "type" = 'table' AND "rootpage" IS NOT NULL;
2025-10-17 13:08:06.549 -05:00 [INF] Vault directory initialized: WindowsVault
2025-10-17 13:08:08.079 -05:00 [INF] Executed DbCommand (4ms) [Parameters=[], CommandType='"Text"', CommandTimeout='30']
SELECT "m"."Id", "m"."DateAdded", "m"."DateModified", "m"."DateTaken", "m"."Description", "m"."Duration", "m"."FileExtension", "m"."FileHash", "m"."FileName", "m"."FilePath", "m"."FileSizeBytes", "m"."Height", "m"."IsDeleted", "m"."IsFavorite", "m"."MediaType", "m"."Rating", "m"."ThumbnailPath", "m"."VaultPath", "m"."Width", "s"."Id", "s"."DateAssigned", "s"."MediaFileId", "s"."TagId", "s"."Id0", "s"."Color", "s"."DateCreated", "s"."Description", "s"."Name", "s"."UsageCount"
FROM "MediaFiles" AS "m"
LEFT JOIN (
    SELECT "m0"."Id", "m0"."DateAssigned", "m0"."MediaFileId", "m0"."TagId", "t"."Id" AS "Id0", "t"."Color", "t"."DateCreated", "t"."Description", "t"."Name", "t"."UsageCount"
    FROM "MediaFileTags" AS "m0"
    INNER JOIN "Tags" AS "t" ON "m0"."TagId" = "t"."Id"
) AS "s" ON "m"."Id" = "s"."MediaFileId"
WHERE NOT ("m"."IsDeleted")
ORDER BY "m"."DateAdded" DESC, "m"."Id", "s"."Id"
2025-10-17 13:08:08.323 -05:00 [INF] Executed DbCommand (0ms) [Parameters=[], CommandType='"Text"', CommandTimeout='30']
SELECT "t"."Id", "t"."Color", "t"."DateCreated", "t"."Description", "t"."Name", "t"."UsageCount"
FROM "Tags" AS "t"
ORDER BY "t"."Name"
2025-10-17 13:10:33.080 -05:00 [INF] Windows Vault application starting...
2025-10-17 13:10:33.970 -05:00 [INF] Executed DbCommand (23ms) [Parameters=[], CommandType='"Text"', CommandTimeout='30']
SELECT COUNT(*) FROM "sqlite_master" WHERE "type" = 'table' AND "rootpage" IS NOT NULL;
2025-10-17 13:10:33.999 -05:00 [INF] Vault directory initialized: WindowsVault
2025-10-17 13:10:36.877 -05:00 [INF] Executed DbCommand (6ms) [Parameters=[], CommandType='"Text"', CommandTimeout='30']
SELECT "m"."Id", "m"."DateAdded", "m"."DateModified", "m"."DateTaken", "m"."Description", "m"."Duration", "m"."FileExtension", "m"."FileHash", "m"."FileName", "m"."FilePath", "m"."FileSizeBytes", "m"."Height", "m"."IsDeleted", "m"."IsFavorite", "m"."MediaType", "m"."Rating", "m"."ThumbnailPath", "m"."VaultPath", "m"."Width", "s"."Id", "s"."DateAssigned", "s"."MediaFileId", "s"."TagId", "s"."Id0", "s"."Color", "s"."DateCreated", "s"."Description", "s"."Name", "s"."UsageCount"
FROM "MediaFiles" AS "m"
LEFT JOIN (
    SELECT "m0"."Id", "m0"."DateAssigned", "m0"."MediaFileId", "m0"."TagId", "t"."Id" AS "Id0", "t"."Color", "t"."DateCreated", "t"."Description", "t"."Name", "t"."UsageCount"
    FROM "MediaFileTags" AS "m0"
    INNER JOIN "Tags" AS "t" ON "m0"."TagId" = "t"."Id"
) AS "s" ON "m"."Id" = "s"."MediaFileId"
WHERE NOT ("m"."IsDeleted")
ORDER BY "m"."DateAdded" DESC, "m"."Id", "s"."Id"
2025-10-17 13:10:37.610 -05:00 [INF] Executed DbCommand (0ms) [Parameters=[], CommandType='"Text"', CommandTimeout='30']
SELECT "t"."Id", "t"."Color", "t"."DateCreated", "t"."Description", "t"."Name", "t"."UsageCount"
FROM "Tags" AS "t"
ORDER BY "t"."Name"
2025-10-17 13:10:44.552 -05:00 [INF] Executed DbCommand (8ms) [Parameters=[@p1='?' (DbType = Int32), @p0='?' (DbType = Boolean)], CommandType='"Text"', CommandTimeout='30']
UPDATE "MediaFiles" SET "IsDeleted" = @p0
WHERE "Id" = @p1
RETURNING 1;
2025-10-17 13:10:44.573 -05:00 [INF] Media file marked as deleted: ID 6
2025-10-17 13:10:44.578 -05:00 [INF] Executed DbCommand (0ms) [Parameters=[], CommandType='"Text"', CommandTimeout='30']
SELECT "m"."Id", "m"."DateAdded", "m"."DateModified", "m"."DateTaken", "m"."Description", "m"."Duration", "m"."FileExtension", "m"."FileHash", "m"."FileName", "m"."FilePath", "m"."FileSizeBytes", "m"."Height", "m"."IsDeleted", "m"."IsFavorite", "m"."MediaType", "m"."Rating", "m"."ThumbnailPath", "m"."VaultPath", "m"."Width", "s"."Id", "s"."DateAssigned", "s"."MediaFileId", "s"."TagId", "s"."Id0", "s"."Color", "s"."DateCreated", "s"."Description", "s"."Name", "s"."UsageCount"
FROM "MediaFiles" AS "m"
LEFT JOIN (
    SELECT "m0"."Id", "m0"."DateAssigned", "m0"."MediaFileId", "m0"."TagId", "t"."Id" AS "Id0", "t"."Color", "t"."DateCreated", "t"."Description", "t"."Name", "t"."UsageCount"
    FROM "MediaFileTags" AS "m0"
    INNER JOIN "Tags" AS "t" ON "m0"."TagId" = "t"."Id"
) AS "s" ON "m"."Id" = "s"."MediaFileId"
WHERE NOT ("m"."IsDeleted")
ORDER BY "m"."DateAdded" DESC, "m"."Id", "s"."Id"
2025-10-17 13:10:48.920 -05:00 [INF] Executed DbCommand (0ms) [Parameters=[@p1='?' (DbType = Int32), @p0='?' (DbType = Boolean)], CommandType='"Text"', CommandTimeout='30']
UPDATE "MediaFiles" SET "IsDeleted" = @p0
WHERE "Id" = @p1
RETURNING 1;
2025-10-17 13:10:48.922 -05:00 [INF] Media file marked as deleted: ID 5
2025-10-17 13:10:48.923 -05:00 [INF] Executed DbCommand (0ms) [Parameters=[], CommandType='"Text"', CommandTimeout='30']
SELECT "m"."Id", "m"."DateAdded", "m"."DateModified", "m"."DateTaken", "m"."Description", "m"."Duration", "m"."FileExtension", "m"."FileHash", "m"."FileName", "m"."FilePath", "m"."FileSizeBytes", "m"."Height", "m"."IsDeleted", "m"."IsFavorite", "m"."MediaType", "m"."Rating", "m"."ThumbnailPath", "m"."VaultPath", "m"."Width", "s"."Id", "s"."DateAssigned", "s"."MediaFileId", "s"."TagId", "s"."Id0", "s"."Color", "s"."DateCreated", "s"."Description", "s"."Name", "s"."UsageCount"
FROM "MediaFiles" AS "m"
LEFT JOIN (
    SELECT "m0"."Id", "m0"."DateAssigned", "m0"."MediaFileId", "m0"."TagId", "t"."Id" AS "Id0", "t"."Color", "t"."DateCreated", "t"."Description", "t"."Name", "t"."UsageCount"
    FROM "MediaFileTags" AS "m0"
    INNER JOIN "Tags" AS "t" ON "m0"."TagId" = "t"."Id"
) AS "s" ON "m"."Id" = "s"."MediaFileId"
WHERE NOT ("m"."IsDeleted")
ORDER BY "m"."DateAdded" DESC, "m"."Id", "s"."Id"
2025-10-17 13:10:55.954 -05:00 [INF] Executed DbCommand (0ms) [Parameters=[], CommandType='"Text"', CommandTimeout='30']
SELECT "t"."Id", "t"."Color", "t"."DateCreated", "t"."Description", "t"."Name", "t"."UsageCount"
FROM "Tags" AS "t"
ORDER BY "t"."Name"
2025-10-17 13:10:59.174 -05:00 [INF] Executed DbCommand (0ms) [Parameters=[@__id_0='?' (DbType = Int32)], CommandType='"Text"', CommandTimeout='30']
SELECT "m"."Id", "m"."DateAssigned", "m"."MediaFileId", "m"."TagId"
FROM "MediaFileTags" AS "m"
WHERE "m"."TagId" = @__id_0
2025-10-17 13:10:59.221 -05:00 [INF] Executed DbCommand (2ms) [Parameters=[@p0='?' (DbType = Int32)], CommandType='"Text"', CommandTimeout='30']
DELETE FROM "MediaFileTags"
WHERE "Id" = @p0
RETURNING 1;
2025-10-17 13:10:59.222 -05:00 [INF] Executed DbCommand (0ms) [Parameters=[@p0='?' (DbType = Int32)], CommandType='"Text"', CommandTimeout='30']
DELETE FROM "Tags"
WHERE "Id" = @p0
RETURNING 1;
2025-10-17 13:10:59.233 -05:00 [INF] Executed DbCommand (0ms) [Parameters=[], CommandType='"Text"', CommandTimeout='30']
SELECT "t"."Id", "t"."Color", "t"."DateCreated", "t"."Description", "t"."Name", "t"."UsageCount"
FROM "Tags" AS "t"
ORDER BY "t"."Name"
2025-10-17 13:11:00.903 -05:00 [INF] Executed DbCommand (0ms) [Parameters=[], CommandType='"Text"', CommandTimeout='30']
SELECT "t"."Id", "t"."Color", "t"."DateCreated", "t"."Description", "t"."Name", "t"."UsageCount"
FROM "Tags" AS "t"
ORDER BY "t"."Name"
2025-10-17 13:11:00.972 -05:00 [INF] Executed DbCommand (0ms) [Parameters=[], CommandType='"Text"', CommandTimeout='30']
SELECT "t"."Id", "t"."Color", "t"."DateCreated", "t"."Description", "t"."Name", "t"."UsageCount"
FROM "Tags" AS "t"
ORDER BY "t"."Name"
2025-10-17 13:11:02.299 -05:00 [INF] Executed DbCommand (0ms) [Parameters=[], CommandType='"Text"', CommandTimeout='30']
SELECT "t"."Id", "t"."Color", "t"."DateCreated", "t"."Description", "t"."Name", "t"."UsageCount"
FROM "Tags" AS "t"
ORDER BY "t"."Name"
2025-10-17 13:11:03.331 -05:00 [INF] Windows Vault application shutting down...
2025-10-17 13:28:31.947 -05:00 [INF] Windows Vault application starting...
2025-10-17 13:28:32.600 -05:00 [INF] Executed DbCommand (9ms) [Parameters=[], CommandType='"Text"', CommandTimeout='30']
SELECT COUNT(*) FROM "sqlite_master" WHERE "type" = 'table' AND "rootpage" IS NOT NULL;
2025-10-17 13:28:32.619 -05:00 [INF] Vault directory initialized: WindowsVault
2025-10-17 13:28:33.558 -05:00 [INF] Executed DbCommand (2ms) [Parameters=[], CommandType='"Text"', CommandTimeout='30']
SELECT "m"."Id", "m"."DateAdded", "m"."DateModified", "m"."DateTaken", "m"."Description", "m"."Duration", "m"."FileExtension", "m"."FileHash", "m"."FileName", "m"."FilePath", "m"."FileSizeBytes", "m"."Height", "m"."IsDeleted", "m"."IsFavorite", "m"."MediaType", "m"."Rating", "m"."ThumbnailPath", "m"."VaultPath", "m"."Width", "s"."Id", "s"."DateAssigned", "s"."MediaFileId", "s"."TagId", "s"."Id0", "s"."Color", "s"."DateCreated", "s"."Description", "s"."Name", "s"."UsageCount"
FROM "MediaFiles" AS "m"
LEFT JOIN (
    SELECT "m0"."Id", "m0"."DateAssigned", "m0"."MediaFileId", "m0"."TagId", "t"."Id" AS "Id0", "t"."Color", "t"."DateCreated", "t"."Description", "t"."Name", "t"."UsageCount"
    FROM "MediaFileTags" AS "m0"
    INNER JOIN "Tags" AS "t" ON "m0"."TagId" = "t"."Id"
) AS "s" ON "m"."Id" = "s"."MediaFileId"
WHERE NOT ("m"."IsDeleted")
ORDER BY "m"."DateAdded" DESC, "m"."Id", "s"."Id"
2025-10-17 13:28:33.633 -05:00 [INF] Executed DbCommand (0ms) [Parameters=[], CommandType='"Text"', CommandTimeout='30']
SELECT "t"."Id", "t"."Color", "t"."DateCreated", "t"."Description", "t"."Name", "t"."UsageCount"
FROM "Tags" AS "t"
ORDER BY "t"."Name"
2025-10-17 13:28:38.522 -05:00 [INF] Executed DbCommand (0ms) [Parameters=[], CommandType='"Text"', CommandTimeout='30']
SELECT "t"."Id", "t"."Color", "t"."DateCreated", "t"."Description", "t"."Name", "t"."UsageCount"
FROM "Tags" AS "t"
ORDER BY "t"."Name"
2025-10-17 13:28:49.042 -05:00 [INF] Executed DbCommand (0ms) [Parameters=[], CommandType='"Text"', CommandTimeout='30']
SELECT "t"."Id", "t"."Color", "t"."DateCreated", "t"."Description", "t"."Name", "t"."UsageCount"
FROM "Tags" AS "t"
ORDER BY "t"."Name"
2025-10-17 13:29:54.389 -05:00 [INF] Windows Vault application shutting down...
2025-10-17 13:35:50.302 -05:00 [INF] Windows Vault application starting...
2025-10-17 13:35:50.887 -05:00 [INF] Executed DbCommand (9ms) [Parameters=[], CommandType='"Text"', CommandTimeout='30']
SELECT COUNT(*) FROM "sqlite_master" WHERE "type" = 'table' AND "rootpage" IS NOT NULL;
2025-10-17 13:35:50.906 -05:00 [INF] Vault directory initialized: WindowsVault
2025-10-17 13:35:51.895 -05:00 [INF] Executed DbCommand (2ms) [Parameters=[], CommandType='"Text"', CommandTimeout='30']
SELECT "m"."Id", "m"."DateAdded", "m"."DateModified", "m"."DateTaken", "m"."Description", "m"."Duration", "m"."FileExtension", "m"."FileHash", "m"."FileName", "m"."FilePath", "m"."FileSizeBytes", "m"."Height", "m"."IsDeleted", "m"."IsFavorite", "m"."MediaType", "m"."Rating", "m"."ThumbnailPath", "m"."VaultPath", "m"."Width", "s"."Id", "s"."DateAssigned", "s"."MediaFileId", "s"."TagId", "s"."Id0", "s"."Color", "s"."DateCreated", "s"."Description", "s"."Name", "s"."UsageCount"
FROM "MediaFiles" AS "m"
LEFT JOIN (
    SELECT "m0"."Id", "m0"."DateAssigned", "m0"."MediaFileId", "m0"."TagId", "t"."Id" AS "Id0", "t"."Color", "t"."DateCreated", "t"."Description", "t"."Name", "t"."UsageCount"
    FROM "MediaFileTags" AS "m0"
    INNER JOIN "Tags" AS "t" ON "m0"."TagId" = "t"."Id"
) AS "s" ON "m"."Id" = "s"."MediaFileId"
WHERE NOT ("m"."IsDeleted")
ORDER BY "m"."DateAdded" DESC, "m"."Id", "s"."Id"
2025-10-17 13:35:52.015 -05:00 [INF] Executed DbCommand (0ms) [Parameters=[], CommandType='"Text"', CommandTimeout='30']
SELECT "t"."Id", "t"."Color", "t"."DateCreated", "t"."Description", "t"."Name", "t"."UsageCount"
FROM "Tags" AS "t"
ORDER BY "t"."Name"
2025-10-17 13:35:54.437 -05:00 [INF] Executed DbCommand (0ms) [Parameters=[], CommandType='"Text"', CommandTimeout='30']
SELECT "t"."Id", "t"."Color", "t"."DateCreated", "t"."Description", "t"."Name", "t"."UsageCount"
FROM "Tags" AS "t"
ORDER BY "t"."Name"
2025-10-17 13:36:08.968 -05:00 [INF] Executed DbCommand (0ms) [Parameters=[], CommandType='"Text"', CommandTimeout='30']
SELECT "t"."Id", "t"."Color", "t"."DateCreated", "t"."Description", "t"."Name", "t"."UsageCount"
FROM "Tags" AS "t"
ORDER BY "t"."Name"
2025-10-17 13:36:10.269 -05:00 [INF] Executed DbCommand (0ms) [Parameters=[], CommandType='"Text"', CommandTimeout='30']
SELECT "t"."Id", "t"."Color", "t"."DateCreated", "t"."Description", "t"."Name", "t"."UsageCount"
FROM "Tags" AS "t"
ORDER BY "t"."Name"
2025-10-17 13:36:11.614 -05:00 [INF] Executed DbCommand (0ms) [Parameters=[], CommandType='"Text"', CommandTimeout='30']
SELECT "t"."Id", "t"."Color", "t"."DateCreated", "t"."Description", "t"."Name", "t"."UsageCount"
FROM "Tags" AS "t"
ORDER BY "t"."Name"
2025-10-17 13:36:47.589 -05:00 [INF] Windows Vault application shutting down...
2025-10-17 13:40:47.862 -05:00 [INF] Windows Vault application starting...
2025-10-17 13:40:48.435 -05:00 [INF] Executed DbCommand (8ms) [Parameters=[], CommandType='"Text"', CommandTimeout='30']
SELECT COUNT(*) FROM "sqlite_master" WHERE "type" = 'table' AND "rootpage" IS NOT NULL;
2025-10-17 13:40:48.455 -05:00 [INF] Vault directory initialized: WindowsVault
2025-10-17 13:40:49.438 -05:00 [INF] Executed DbCommand (2ms) [Parameters=[], CommandType='"Text"', CommandTimeout='30']
SELECT "m"."Id", "m"."DateAdded", "m"."DateModified", "m"."DateTaken", "m"."Description", "m"."Duration", "m"."FileExtension", "m"."FileHash", "m"."FileName", "m"."FilePath", "m"."FileSizeBytes", "m"."Height", "m"."IsDeleted", "m"."IsFavorite", "m"."MediaType", "m"."Rating", "m"."ThumbnailPath", "m"."VaultPath", "m"."Width", "s"."Id", "s"."DateAssigned", "s"."MediaFileId", "s"."TagId", "s"."Id0", "s"."Color", "s"."DateCreated", "s"."Description", "s"."Name", "s"."UsageCount"
FROM "MediaFiles" AS "m"
LEFT JOIN (
    SELECT "m0"."Id", "m0"."DateAssigned", "m0"."MediaFileId", "m0"."TagId", "t"."Id" AS "Id0", "t"."Color", "t"."DateCreated", "t"."Description", "t"."Name", "t"."UsageCount"
    FROM "MediaFileTags" AS "m0"
    INNER JOIN "Tags" AS "t" ON "m0"."TagId" = "t"."Id"
) AS "s" ON "m"."Id" = "s"."MediaFileId"
WHERE NOT ("m"."IsDeleted")
ORDER BY "m"."DateAdded" DESC, "m"."Id", "s"."Id"
2025-10-17 13:40:49.537 -05:00 [INF] Executed DbCommand (0ms) [Parameters=[], CommandType='"Text"', CommandTimeout='30']
SELECT "t"."Id", "t"."Color", "t"."DateCreated", "t"."Description", "t"."Name", "t"."UsageCount"
FROM "Tags" AS "t"
ORDER BY "t"."Name"
2025-10-17 13:40:51.837 -05:00 [INF] Executed DbCommand (0ms) [Parameters=[], CommandType='"Text"', CommandTimeout='30']
SELECT "t"."Id", "t"."Color", "t"."DateCreated", "t"."Description", "t"."Name", "t"."UsageCount"
FROM "Tags" AS "t"
ORDER BY "t"."Name"
2025-10-17 13:41:04.243 -05:00 [INF] Executed DbCommand (0ms) [Parameters=[], CommandType='"Text"', CommandTimeout='30']
SELECT "t"."Id", "t"."Color", "t"."DateCreated", "t"."Description", "t"."Name", "t"."UsageCount"
FROM "Tags" AS "t"
ORDER BY "t"."Name"
2025-10-17 13:41:06.265 -05:00 [INF] Windows Vault application shutting down...
2025-10-17 13:43:01.534 -05:00 [INF] Windows Vault application starting...
2025-10-17 13:43:02.131 -05:00 [INF] Executed DbCommand (9ms) [Parameters=[], CommandType='"Text"', CommandTimeout='30']
SELECT COUNT(*) FROM "sqlite_master" WHERE "type" = 'table' AND "rootpage" IS NOT NULL;
2025-10-17 13:43:02.151 -05:00 [INF] Vault directory initialized: WindowsVault
2025-10-17 13:43:03.209 -05:00 [INF] Executed DbCommand (1ms) [Parameters=[], CommandType='"Text"', CommandTimeout='30']
SELECT "m"."Id", "m"."DateAdded", "m"."DateModified", "m"."DateTaken", "m"."Description", "m"."Duration", "m"."FileExtension", "m"."FileHash", "m"."FileName", "m"."FilePath", "m"."FileSizeBytes", "m"."Height", "m"."IsDeleted", "m"."IsFavorite", "m"."MediaType", "m"."Rating", "m"."ThumbnailPath", "m"."VaultPath", "m"."Width", "s"."Id", "s"."DateAssigned", "s"."MediaFileId", "s"."TagId", "s"."Id0", "s"."Color", "s"."DateCreated", "s"."Description", "s"."Name", "s"."UsageCount"
FROM "MediaFiles" AS "m"
LEFT JOIN (
    SELECT "m0"."Id", "m0"."DateAssigned", "m0"."MediaFileId", "m0"."TagId", "t"."Id" AS "Id0", "t"."Color", "t"."DateCreated", "t"."Description", "t"."Name", "t"."UsageCount"
    FROM "MediaFileTags" AS "m0"
    INNER JOIN "Tags" AS "t" ON "m0"."TagId" = "t"."Id"
) AS "s" ON "m"."Id" = "s"."MediaFileId"
WHERE NOT ("m"."IsDeleted")
ORDER BY "m"."DateAdded" DESC, "m"."Id", "s"."Id"
2025-10-17 13:43:03.295 -05:00 [INF] Executed DbCommand (0ms) [Parameters=[], CommandType='"Text"', CommandTimeout='30']
SELECT "t"."Id", "t"."Color", "t"."DateCreated", "t"."Description", "t"."Name", "t"."UsageCount"
FROM "Tags" AS "t"
ORDER BY "t"."Name"
2025-10-17 13:43:04.908 -05:00 [INF] Executed DbCommand (0ms) [Parameters=[], CommandType='"Text"', CommandTimeout='30']
SELECT "t"."Id", "t"."Color", "t"."DateCreated", "t"."Description", "t"."Name", "t"."UsageCount"
FROM "Tags" AS "t"
ORDER BY "t"."Name"
2025-10-17 13:43:09.021 -05:00 [INF] Executed DbCommand (4ms) [Parameters=[@__ToLower_0='?' (Size = 4)], CommandType='"Text"', CommandTimeout='30']
SELECT EXISTS (
    SELECT 1
    FROM "Tags" AS "t"
    WHERE lower("t"."Name") = @__ToLower_0)
2025-10-17 13:43:09.142 -05:00 [INF] Executed DbCommand (4ms) [Parameters=[@p0='?' (Size = 7), @p1='?' (DbType = DateTime), @p2='?', @p3='?' (Size = 4), @p4='?' (DbType = Int32)], CommandType='"Text"', CommandTimeout='30']
INSERT INTO "Tags" ("Color", "DateCreated", "Description", "Name", "UsageCount")
VALUES (@p0, @p1, @p2, @p3, @p4)
RETURNING "Id";
2025-10-17 13:43:09.166 -05:00 [INF] Executed DbCommand (0ms) [Parameters=[], CommandType='"Text"', CommandTimeout='30']
SELECT "t"."Id", "t"."Color", "t"."DateCreated", "t"."Description", "t"."Name", "t"."UsageCount"
FROM "Tags" AS "t"
ORDER BY "t"."Name"
2025-10-17 13:43:11.058 -05:00 [INF] Executed DbCommand (0ms) [Parameters=[], CommandType='"Text"', CommandTimeout='30']
SELECT "t"."Id", "t"."Color", "t"."DateCreated", "t"."Description", "t"."Name", "t"."UsageCount"
FROM "Tags" AS "t"
ORDER BY "t"."Name"
2025-10-17 13:43:13.482 -05:00 [INF] Executed DbCommand (0ms) [Parameters=[], CommandType='"Text"', CommandTimeout='30']
SELECT "t"."Id", "t"."Color", "t"."DateCreated", "t"."Description", "t"."Name", "t"."UsageCount"
FROM "Tags" AS "t"
ORDER BY "t"."Name"
2025-10-17 13:43:18.419 -05:00 [INF] Executed DbCommand (0ms) [Parameters=[], CommandType='"Text"', CommandTimeout='30']
SELECT "t"."Id", "t"."Color", "t"."DateCreated", "t"."Description", "t"."Name", "t"."UsageCount"
FROM "Tags" AS "t"
ORDER BY "t"."Name"
2025-10-17 13:43:25.317 -05:00 [INF] Executed DbCommand (0ms) [Parameters=[], CommandType='"Text"', CommandTimeout='30']
SELECT "m"."Id", "m"."DateAdded", "m"."DateModified", "m"."DateTaken", "m"."Description", "m"."Duration", "m"."FileExtension", "m"."FileHash", "m"."FileName", "m"."FilePath", "m"."FileSizeBytes", "m"."Height", "m"."IsDeleted", "m"."IsFavorite", "m"."MediaType", "m"."Rating", "m"."ThumbnailPath", "m"."VaultPath", "m"."Width", "s"."Id", "s"."DateAssigned", "s"."MediaFileId", "s"."TagId", "s"."Id0", "s"."Color", "s"."DateCreated", "s"."Description", "s"."Name", "s"."UsageCount"
FROM "MediaFiles" AS "m"
LEFT JOIN (
    SELECT "m0"."Id", "m0"."DateAssigned", "m0"."MediaFileId", "m0"."TagId", "t"."Id" AS "Id0", "t"."Color", "t"."DateCreated", "t"."Description", "t"."Name", "t"."UsageCount"
    FROM "MediaFileTags" AS "m0"
    INNER JOIN "Tags" AS "t" ON "m0"."TagId" = "t"."Id"
) AS "s" ON "m"."Id" = "s"."MediaFileId"
WHERE NOT ("m"."IsDeleted")
ORDER BY "m"."DateAdded" DESC, "m"."Id", "s"."Id"
2025-10-17 13:43:25.319 -05:00 [INF] Executed DbCommand (0ms) [Parameters=[], CommandType='"Text"', CommandTimeout='30']
SELECT "t"."Id", "t"."Color", "t"."DateCreated", "t"."Description", "t"."Name", "t"."UsageCount"
FROM "Tags" AS "t"
ORDER BY "t"."Name"
